**2024-08-08 10:51**
2024-08-07T10:23:19.855+0800	[34mINFO[0m	sobbleweb/router.go:50	{"pic":["https:\/\/tva2.sinaimg.cn\/large\/ec43126fgy1go5ncn23sij20xc0mk1kx.jpg"]}
**2024-08-08 14:17**
**2024-08-08 14:24**
2024-08-07T14:28:41.892+0800	[34mINFO[0m	article/router.go:36	query %!s(int64=4) records

2024-08-07T14:32:31.803+0800	[34mINFO[0m	article/router.go:36	query %!s(int64=4) records

2024-08-07T14:32:52.512+0800	[34mINFO[0m	article/router.go:36	query %!s(int64=4) records

2024-08-07T14:34:04.570+0800	[34mINFO[0m	article/router.go:36	query %!s(int64=4) records

2024-08-07T14:34:07.674+0800	[34mINFO[0m	article/router.go:36	query %!s(int64=4) records

2024-08-07T14:35:08.293+0800	[34mINFO[0m	article/router.go:36	query %!s(int64=4) records

2024-08-07T14:41:58.983+0800	[34mINFO[0m	article/router.go:36	query %!s(int64=4) records

2024-08-07T14:42:43.428+0800	[34mINFO[0m	article/router.go:36	query %!s(int64=4) records

2024-08-07T14:48:43.328+0800	[34mINFO[0m	article/router.go:36	query %!s(int64=4) records

2024-08-07T14:49:08.939+0800	[34mINFO[0m	article/router.go:36	query %!s(int64=4) records

2024-08-07T14:50:20.834+0800	[34mINFO[0m	article/router.go:36	query %!s(int64=4) records

2024-08-07T14:52:39.892+0800	[34mINFO[0m	article/router.go:36	query %!s(int64=4) records

2024-08-07T14:54:35.346+0800	[34mINFO[0m	article/router.go:36	query %!s(int64=4) records

2024-08-07T15:01:13.344+0800	[34mINFO[0m	article/router.go:36	query %!s(int64=4) records

**2024-08-08 15:59**
**2024-08-08 15:34**
2024-08-07T15:29:45.157+0800	[34mINFO[0m	article/router.go:36	query %!s(int64=4) records

2024-08-07T15:33:05.573+0800	[34mINFO[0m	article/router.go:36	query %!s(int64=4) records

2024-08-07T15:51:39.782+0800	[34mINFO[0m	article/router.go:36	query %!s(int64=4) records

2024-08-07T15:51:43.616+0800	[34mINFO[0m	article/router.go:36	query %!s(int64=4) records

2024-08-07T15:51:45.901+0800	[34mINFO[0m	article/router.go:36	query %!s(int64=4) records

2024-08-07T15:51:48.754+0800	[34mINFO[0m	article/router.go:36	query %!s(int64=4) records

2024-08-07T15:51:58.596+0800	[34mINFO[0m	article/router.go:36	query %!s(int64=4) records

2024-08-07T15:52:00.151+0800	[34mINFO[0m	article/router.go:36	query %!s(int64=4) records

2024-08-07T15:52:04.433+0800	[34mINFO[0m	article/router.go:36	query %!s(int64=4) records

2024-08-07T15:52:11.565+0800	[34mINFO[0m	article/router.go:36	query %!s(int64=4) records

2024-08-07T15:52:54.498+0800	[34mINFO[0m	article/router.go:36	query %!s(int64=4) records

2024-08-07T16:13:57.004+0800	[34mINFO[0m	article/router.go:36	query %!s(int64=4) records

2024-08-07T16:27:43.281+0800	[34mINFO[0m	article/router.go:36	query %!s(int64=4) records

2024-08-07T16:29:56.523+0800	[34mINFO[0m	article/router.go:36	query %!s(int64=4) records

2024-08-07T16:35:54.185+0800	[34mINFO[0m	article/router.go:36	query %!s(int64=4) records

2024-08-07T16:42:30.425+0800	[34mINFO[0m	article/router.go:36	query %!s(int64=4) records

2024-08-07T16:44:20.845+0800	[34mINFO[0m	article/router.go:36	query %!s(int64=4) records

2024-08-07T16:44:34.785+0800	[34mINFO[0m	article/router.go:36	query %!s(int64=4) records

2024-08-07T16:49:35.651+0800	[34mINFO[0m	article/router.go:36	query %!s(int64=4) records

2024-08-07T16:51:41.090+0800	[34mINFO[0m	article/router.go:36	query %!s(int64=4) records

2024-08-07T16:51:57.200+0800	[34mINFO[0m	article/router.go:36	query %!s(int64=4) records

2024-08-07T16:53:24.804+0800	[34mINFO[0m	article/router.go:36	query %!s(int64=4) records

2024-08-07T16:56:18.233+0800	[34mINFO[0m	article/router.go:36	query %!s(int64=4) records

2024-08-07T16:57:31.844+0800	[34mINFO[0m	article/router.go:36	query %!s(int64=4) records

2024-08-07T16:58:03.534+0800	[34mINFO[0m	article/router.go:36	query %!s(int64=4) records

2024-08-07T16:58:51.898+0800	[34mINFO[0m	article/router.go:36	query %!s(int64=4) records

2024-08-07T16:58:58.118+0800	[34mINFO[0m	article/router.go:36	query %!s(int64=4) records

2024-08-07T16:58:59.085+0800	[34mINFO[0m	article/router.go:36	query %!s(int64=4) records

2024-08-07T16:59:15.859+0800	[34mINFO[0m	article/router.go:36	query %!s(int64=4) records

2024-08-07T17:00:23.518+0800	[34mINFO[0m	article/router.go:36	query %!s(int64=4) records

2024-08-07T17:00:30.142+0800	[34mINFO[0m	article/router.go:36	query %!s(int64=4) records

2024-08-07T17:00:33.871+0800	[34mINFO[0m	article/router.go:36	query %!s(int64=4) records

2024-08-07T18:25:36.934+0800	[34mINFO[0m	article/router.go:36	query %!s(int64=4) records

2024-08-07T18:25:39.718+0800	[34mINFO[0m	article/router.go:36	query %!s(int64=4) records

2024-08-07T18:36:50.280+0800	[34mINFO[0m	article/router.go:36	query %!s(int64=4) records

2024-08-07T18:38:33.719+0800	[34mINFO[0m	article/router.go:36	query %!s(int64=4) records

2024-08-07T18:40:41.874+0800	[34mINFO[0m	article/router.go:36	query %!s(int64=4) records

2024-08-07T18:40:46.549+0800	[34mINFO[0m	article/router.go:36	query %!s(int64=4) records

2024-08-07T18:44:35.377+0800	[34mINFO[0m	article/router.go:36	query %!s(int64=4) records

2024-08-07T18:49:01.917+0800	[34mINFO[0m	article/router.go:36	query %!s(int64=4) records

2024-08-07T18:50:42.412+0800	[34mINFO[0m	article/router.go:36	query %!s(int64=4) records

2024-08-07T18:50:44.828+0800	[34mINFO[0m	article/router.go:36	query %!s(int64=4) records

2024-08-07T18:50:47.275+0800	[34mINFO[0m	article/router.go:36	query %!s(int64=4) records

2024-08-07T18:53:21.723+0800	[34mINFO[0m	article/router.go:36	query %!s(int64=4) records

2024-08-07T18:56:07.847+0800	[34mINFO[0m	article/router.go:36	query %!s(int64=4) records

2024-08-07T18:59:35.952+0800	[34mINFO[0m	article/router.go:36	query %!s(int64=4) records

2024-08-07T19:04:23.272+0800	[34mINFO[0m	article/router.go:36	query %!s(int64=4) records

2024-08-07T19:04:36.444+0800	[34mINFO[0m	article/router.go:36	query %!s(int64=4) records

2024-08-07T19:05:08.761+0800	[34mINFO[0m	article/router.go:36	query %!s(int64=4) records

**2024-08-08 19:19**
2024-08-07T19:12:37.197+0800	[34mINFO[0m	article/router.go:36	[sugar] query 4 records
**2024-08-08 09:42**
2024-08-08T09:12:42.437+0800	[31mERROR[0m	runtime/proc.go:271	auto migrate failed	{"error": "unsupported data type: &[]"}
**2024-08-08 09:59**
2024-08-08T09:14:12.929+0800	[34mINFO[0m	article/router.go:36	[sugar] query 4 records
2024-08-08T09:14:18.251+0800	[34mINFO[0m	article/router.go:36	[sugar] query 4 records
2024-08-08T09:15:53.456+0800	[34mINFO[0m	article/router.go:36	[sugar] query 4 records
2024-08-08T09:18:52.876+0800	[34mINFO[0m	article/router.go:36	[sugar] query 5 records
2024-08-08T10:27:27.840+0800	[34mINFO[0m	article/router.go:36	[sugar] query 5 records
2024-08-08T10:27:34.005+0800	[34mINFO[0m	article/router.go:36	[sugar] query 5 records
2024-08-08T10:27:54.311+0800	[34mINFO[0m	article/router.go:36	[sugar] query 5 records
2024-08-08T10:35:39.939+0800	[34mINFO[0m	article/router.go:36	[sugar] query 5 records
2024-08-08T10:36:24.644+0800	[34mINFO[0m	article/router.go:36	[sugar] query 5 records
2024-08-08T10:37:42.683+0800	[34mINFO[0m	article/router.go:36	[sugar] query 5 records
2024-08-08T10:37:54.050+0800	[34mINFO[0m	article/router.go:36	[sugar] query 5 records
2024-08-08T10:37:55.483+0800	[34mINFO[0m	article/router.go:36	[sugar] query 5 records
2024-08-08T10:37:56.378+0800	[34mINFO[0m	article/router.go:36	[sugar] query 5 records
2024-08-08T10:38:46.835+0800	[34mINFO[0m	article/router.go:36	[sugar] query 5 records
2024-08-08T10:43:16.014+0800	[34mINFO[0m	article/router.go:36	[sugar] query 5 records
2024-08-08T10:43:24.800+0800	[34mINFO[0m	article/router.go:36	[sugar] query 5 records
2024-08-08T10:43:27.221+0800	[34mINFO[0m	article/router.go:36	[sugar] query 5 records
2024-08-08T10:45:50.173+0800	[34mINFO[0m	article/router.go:36	[sugar] query 5 records
2024-08-08T10:45:56.121+0800	[34mINFO[0m	article/router.go:36	[sugar] query 5 records
2024-08-08T10:50:57.737+0800	[34mINFO[0m	article/router.go:36	[sugar] query 5 records
2024-08-08T14:36:35.029+0800	[34mINFO[0m	article/router.go:36	[sugar] query 5 records
2024-08-08T14:36:36.522+0800	[34mINFO[0m	article/router.go:36	[sugar] query 5 records
2024-08-08T14:36:38.755+0800	[34mINFO[0m	article/router.go:36	[sugar] query 5 records
2024-08-08T14:36:41.899+0800	[34mINFO[0m	article/router.go:36	[sugar] query 5 records
2024-08-08T14:38:20.258+0800	[34mINFO[0m	article/router.go:36	[sugar] query 5 records
2024-08-08T14:39:56.544+0800	[34mINFO[0m	article/router.go:36	[sugar] query 5 records
2024-08-08T14:40:35.023+0800	[34mINFO[0m	article/router.go:36	[sugar] query 5 records
2024-08-08T14:40:37.628+0800	[34mINFO[0m	article/router.go:36	[sugar] query 5 records
2024-08-08T14:46:10.501+0800	[34mINFO[0m	article/router.go:36	[sugar] query 5 records
2024-08-08T14:48:54.113+0800	[34mINFO[0m	article/router.go:36	[sugar] query 5 records
2024-08-08T14:48:54.999+0800	[34mINFO[0m	article/router.go:36	[sugar] query 5 records
2024-08-08T14:56:54.150+0800	[34mINFO[0m	article/router.go:36	[sugar] query 5 records
2024-08-08T14:57:03.841+0800	[34mINFO[0m	article/router.go:36	[sugar] query 5 records
2024-08-08T14:57:21.531+0800	[34mINFO[0m	article/router.go:36	[sugar] query 5 records
**2024-08-08 07:21**
**2024-08-08 07:35**
**2024-08-08 08:03**
**2024-08-08 09:21**
**2024-08-08 17:58**
2024-08-13T17:10:58.469+0800	[31mERROR[0m	runtime/proc.go:271	auto migrate failed	{"error": "Error 1406 (22001): Data too long for column 'content' at row 5"}
**2024-08-08 17:23**
2024-08-13T17:11:23.122+0800	[31mERROR[0m	runtime/proc.go:271	auto migrate failed	{"error": "Error 1406 (22001): Data too long for column 'content' at row 5"}
**2024-08-08 23:43**
**2024-08-08 23:56**
**2024-08-08 07:47**
2024-08-14T08:19:10.561+0800	[34mINFO[0m	article/router.go:36	[sugar] query 10 records
2024-08-14T08:19:26.899+0800	[34mINFO[0m	article/router.go:36	[sugar] query 10 records
2024-08-14T09:08:44.716+0800	[34mINFO[0m	article/router.go:36	[sugar] query 10 records
**2024-08-08 09:41**
2024-08-14T10:20:30.193+0800	[34mINFO[0m	article/router.go:41	[sugar] query 19 records
2024-08-14T10:20:38.431+0800	[34mINFO[0m	article/router.go:41	[sugar] query 19 records
2024-08-14T10:20:43.404+0800	[34mINFO[0m	article/router.go:41	[sugar] query 19 records
**2024-08-08 10:04**
**2024-08-08 10:27**
2024-08-14T10:47:08.364+0800	[34mINFO[0m	article/router.go:41	[sugar] query 19 records
2024-08-14T11:40:17.512+0800	[34mINFO[0m	article/router.go:41	[sugar] query 19 records
2024-08-14T11:47:49.217+0800	[34mINFO[0m	article/router.go:41	[sugar] query 19 records
2024-08-14T11:47:52.462+0800	[34mINFO[0m	article/router.go:41	[sugar] query 19 records
2024-08-14T11:47:53.963+0800	[34mINFO[0m	article/router.go:41	[sugar] query 19 records
2024-08-14T11:54:19.097+0800	[34mINFO[0m	article/router.go:41	[sugar] query 19 records
2024-08-14T11:55:09.352+0800	[34mINFO[0m	article/router.go:41	[sugar] query 19 records
**2024-08-08 12:00**
2024-08-14T14:42:27.754+0800	[34mINFO[0m	article/router.go:41	[sugar] query 19 records
**2024-08-08 18:07**
**2024-08-08 18:26**
**2024-08-08 18:39**
**2024-08-08 06:18**
**2024-08-08 07:47**
**2024-08-08 07:04**
**2024-08-08 07:05**
**2024-08-08 07:25**
**2024-08-08 08:08**
**2024-08-08 08:27**
**2024-08-08 08:01**
**2024-08-08 08:51**
2024-08-15T08:55:09.039+0800	[31mERROR[0m	gin@v1.10.0/context.go:185	add article	{"error": "Error 1406 (22001): Data too long for column 'htmlcontent' at row 1"}
2024-08-15T08:57:23.138+0800	[31mERROR[0m	gin@v1.10.0/context.go:185	get article by id	{"error": "Error 1064 (42000): You have an error in your SQL syntax; check the manual that corresponds to your MySQL server version for the right syntax to use near 'create AND `articles`.`deleted_at` IS NULL ORDER BY `articles`.`id` LIMIT ?' at line 1"}
**2024-08-08 08:26**
2024-08-15T08:58:36.108+0800	[31mERROR[0m	gin@v1.10.0/context.go:185	add article	{"error": "Error 1406 (22001): Data too long for column 'htmlcontent' at row 1"}
**2024-08-08 14:28**
2024-08-15T14:06:49.791+0800	[34mINFO[0m	article/router.go:44	[sugar] query 28 records
2024-08-15T14:07:04.761+0800	[34mINFO[0m	article/router.go:44	[sugar] query 28 records
2024-08-15T17:05:39.707+0800	[34mINFO[0m	article/router.go:44	[sugar] query 28 records
**2024-08-08 09:29**
2024-08-16T09:39:42.411+0800	[34mINFO[0m	article/router.go:62	[sugar] query 28 records
2024-08-16T09:40:36.971+0800	[34mINFO[0m	article/router.go:62	[sugar] query 27 records
2024-08-16T09:40:38.309+0800	[34mINFO[0m	article/router.go:62	[sugar] query 27 records
2024-08-16T09:40:55.471+0800	[34mINFO[0m	article/router.go:62	[sugar] query 26 records
2024-08-16T09:40:56.594+0800	[34mINFO[0m	article/router.go:62	[sugar] query 26 records
2024-08-16T09:41:04.156+0800	[34mINFO[0m	article/router.go:62	[sugar] query 25 records
2024-08-16T09:41:05.439+0800	[34mINFO[0m	article/router.go:62	[sugar] query 25 records
2024-08-16T09:41:09.586+0800	[34mINFO[0m	article/router.go:62	[sugar] query 24 records
2024-08-16T09:41:10.831+0800	[34mINFO[0m	article/router.go:62	[sugar] query 24 records
2024-08-16T09:41:14.829+0800	[34mINFO[0m	article/router.go:62	[sugar] query 23 records
2024-08-16T09:41:16.433+0800	[34mINFO[0m	article/router.go:62	[sugar] query 23 records
2024-08-16T09:41:21.876+0800	[34mINFO[0m	article/router.go:62	[sugar] query 22 records
2024-08-16T09:41:23.217+0800	[34mINFO[0m	article/router.go:62	[sugar] query 22 records
2024-08-16T09:41:33.039+0800	[34mINFO[0m	article/router.go:62	[sugar] query 21 records
2024-08-16T09:41:34.234+0800	[34mINFO[0m	article/router.go:62	[sugar] query 21 records
2024-08-16T09:41:41.189+0800	[34mINFO[0m	article/router.go:62	[sugar] query 20 records
2024-08-16T09:41:42.255+0800	[34mINFO[0m	article/router.go:62	[sugar] query 20 records
2024-08-16T09:42:02.148+0800	[34mINFO[0m	article/router.go:62	[sugar] query 19 records
2024-08-16T09:42:03.310+0800	[34mINFO[0m	article/router.go:62	[sugar] query 19 records
2024-08-16T09:42:12.819+0800	[34mINFO[0m	article/router.go:62	[sugar] query 18 records
2024-08-16T09:42:13.862+0800	[34mINFO[0m	article/router.go:62	[sugar] query 18 records
2024-08-16T09:42:21.825+0800	[34mINFO[0m	article/router.go:62	[sugar] query 17 records
2024-08-16T09:42:22.819+0800	[34mINFO[0m	article/router.go:62	[sugar] query 17 records
2024-08-16T09:44:03.616+0800	[34mINFO[0m	article/router.go:62	[sugar] query 16 records
2024-08-16T09:44:04.569+0800	[34mINFO[0m	article/router.go:62	[sugar] query 16 records
2024-08-16T09:44:07.503+0800	[34mINFO[0m	article/router.go:62	[sugar] query 15 records
2024-08-16T09:44:08.460+0800	[34mINFO[0m	article/router.go:62	[sugar] query 15 records
2024-08-16T09:44:10.421+0800	[34mINFO[0m	article/router.go:62	[sugar] query 14 records
2024-08-16T09:44:11.520+0800	[34mINFO[0m	article/router.go:62	[sugar] query 14 records
2024-08-16T09:44:13.613+0800	[34mINFO[0m	article/router.go:62	[sugar] query 13 records
2024-08-16T09:44:14.701+0800	[34mINFO[0m	article/router.go:62	[sugar] query 13 records
2024-08-16T10:24:10.386+0800	[34mINFO[0m	article/router.go:62	[sugar] query 12 records
2024-08-16T10:24:16.406+0800	[34mINFO[0m	article/router.go:62	[sugar] query 12 records
**2024-08-08 11:44**
**2024-08-08 11:28**
**2024-08-08 11:37**
**2024-08-08 11:20**
2024-08-16T11:40:11.339+0800	[34mINFO[0m	article/router.go:63	[sugar] query 12 records
2024-08-16T11:40:40.298+0800	[34mINFO[0m	gin@v1.10.0/context.go:185	ID:27 没有下一篇了
2024-08-16T11:41:16.303+0800	[34mINFO[0m	gin@v1.10.0/context.go:185	ID:13 没有上一篇了
2024-08-16T11:43:43.122+0800	[34mINFO[0m	gin@v1.10.0/context.go:185	ID:13 没有上一篇了
2024-08-16T11:44:07.613+0800	[34mINFO[0m	gin@v1.10.0/context.go:185	ID:13 没有上一篇了
2024-08-16T11:45:38.327+0800	[34mINFO[0m	article/router.go:63	[sugar] query 12 records
2024-08-16T11:45:48.051+0800	[34mINFO[0m	article/router.go:63	[sugar] query 12 records
2024-08-16T15:06:00.166+0800	[34mINFO[0m	article/router.go:63	[sugar] query 12 records
2024-08-16T15:06:04.878+0800	[34mINFO[0m	gin@v1.10.0/context.go:185	ID:27 没有下一篇了
2024-08-16T15:09:06.047+0800	[34mINFO[0m	article/router.go:63	[sugar] query 12 records
2024-08-16T15:09:08.314+0800	[34mINFO[0m	article/router.go:63	[sugar] query 12 records
2024-08-16T15:09:11.004+0800	[34mINFO[0m	gin@v1.10.0/context.go:185	ID:27 没有下一篇了
2024-08-16T15:09:14.114+0800	[34mINFO[0m	article/router.go:63	[sugar] query 12 records
2024-08-16T15:09:17.237+0800	[34mINFO[0m	article/router.go:63	[sugar] query 12 records
2024-08-16T15:13:01.710+0800	[34mINFO[0m	article/router.go:63	[sugar] query 13 records
2024-08-16T15:13:03.334+0800	[34mINFO[0m	gin@v1.10.0/context.go:185	ID:28 没有下一篇了
2024-08-16T15:16:09.501+0800	[34mINFO[0m	gin@v1.10.0/context.go:185	ID:28 没有下一篇了
2024-08-16T15:18:21.543+0800	[34mINFO[0m	article/router.go:63	[sugar] query 13 records
2024-08-16T15:19:34.608+0800	[34mINFO[0m	article/router.go:63	[sugar] query 13 records
2024-08-16T15:22:53.408+0800	[34mINFO[0m	article/router.go:63	[sugar] query 13 records
2024-08-16T15:29:19.520+0800	[34mINFO[0m	article/router.go:63	[sugar] query 13 records
2024-08-16T15:31:04.940+0800	[34mINFO[0m	article/router.go:63	[sugar] query 13 records
**2024-08-08 15:23**
**2024-08-08 15:51**
**2024-08-08 13:49**
2024-08-17T13:36:17.842+0800	[34mINFO[0m	article/router.go:63	[sugar] query 0 records
2024-08-17T13:36:17.842+0800	[31mERROR[0m	gin@v1.10.0/context.go:185	get article list	{"error": "Error 1054 (42S22): Unknown column 'nickname' in 'field list'"}
2024-08-17T13:36:49.228+0800	[34mINFO[0m	article/router.go:63	[sugar] query 0 records
2024-08-17T13:36:49.228+0800	[31mERROR[0m	gin@v1.10.0/context.go:185	get article list	{"error": "Error 1054 (42S22): Unknown column 'nickname' in 'field list'"}
2024-08-17T13:36:53.129+0800	[34mINFO[0m	article/router.go:63	[sugar] query 0 records
2024-08-17T13:36:53.129+0800	[31mERROR[0m	gin@v1.10.0/context.go:185	get article list	{"error": "Error 1054 (42S22): Unknown column 'nickname' in 'field list'"}
2024-08-17T13:38:33.138+0800	[34mINFO[0m	article/router.go:63	[sugar] query 0 records
2024-08-17T13:38:33.139+0800	[31mERROR[0m	gin@v1.10.0/context.go:185	get article list	{"error": "Error 1054 (42S22): Unknown column 'nickname' in 'field list'"}
2024-08-17T13:38:39.673+0800	[34mINFO[0m	article/router.go:63	[sugar] query 0 records
2024-08-17T13:38:39.673+0800	[31mERROR[0m	gin@v1.10.0/context.go:185	get article list	{"error": "Error 1054 (42S22): Unknown column 'nickname' in 'field list'"}
2024-08-17T13:38:43.009+0800	[31mERROR[0m	gin@v1.10.0/context.go:185	get article by id	{"error": "record not found"}
2024-08-17T13:38:43.011+0800	[34mINFO[0m	gin@v1.10.0/context.go:185	ID:1 没有上一篇了
2024-08-17T13:38:43.013+0800	[34mINFO[0m	gin@v1.10.0/context.go:185	ID:1 没有下一篇了
**2024-08-08 13:21**
**2024-08-08 13:42**
2024-08-17T13:40:45.683+0800	[34mINFO[0m	article/router.go:63	[sugar] query 0 records
2024-08-17T13:40:45.683+0800	[31mERROR[0m	gin@v1.10.0/context.go:185	get article list	{"error": "Error 1054 (42S22): Unknown column 'nickname' in 'field list'"}
2024-08-17T13:40:56.554+0800	[31mERROR[0m	gin@v1.10.0/context.go:185	get article by id	{"error": "record not found"}
**2024-08-08 14:31**
**2024-08-08 10:30**
2024-08-21T10:09:54.012+0800	[34mINFO[0m	article/router.go:64	[sugar] query 0 records
2024-08-21T10:09:54.013+0800	[31mERROR[0m	gin@v1.10.0/context.go:185	get article list	{"error": "Error 1054 (42S22): Unknown column 'nickname' in 'field list'"}
2024-08-21T10:10:02.520+0800	[34mINFO[0m	article/router.go:64	[sugar] query 0 records
2024-08-21T10:10:02.520+0800	[31mERROR[0m	gin@v1.10.0/context.go:185	get article list	{"error": "Error 1054 (42S22): Unknown column 'nickname' in 'field list'"}
2024-08-21T10:10:06.628+0800	[31mERROR[0m	gin@v1.10.0/context.go:185	get article by id	{"error": "record not found"}
2024-08-21T10:17:04.251+0800	[31mERROR[0m	gin@v1.10.0/context.go:185	add article	{"error": "Error 1406 (22001): Data too long for column 'mdcontent' at row 1"}
2024-08-21T10:18:38.452+0800	[31mERROR[0m	gin@v1.10.0/context.go:185	add article	{"error": "Error 1406 (22001): Data too long for column 'mdcontent' at row 1"}
2024-08-21T10:22:03.294+0800	[31mERROR[0m	gin@v1.10.0/context.go:185	add article	{"error": "Error 1406 (22001): Data too long for column 'mdcontent' at row 1"}
**2024-08-08 14:14**
2024-08-21T14:41:32.347+0800	[31mERROR[0m	gin@v1.10.0/context.go:185	login shouldbindjson error	{"error": "EOF"}
**2024-08-08 14:34**
2024-08-21T14:45:55.852+0800	[34mINFO[0m	article/router.go:64	[sugar] query 13 records
2024-08-21T14:45:59.133+0800	[34mINFO[0m	article/router.go:64	[sugar] query 13 records
2024-08-21T14:46:35.701+0800	[34mINFO[0m	article/router.go:64	[sugar] query 13 records
2024-08-21T14:46:36.599+0800	[34mINFO[0m	article/router.go:64	[sugar] query 13 records
2024-08-21T14:46:37.165+0800	[34mINFO[0m	article/router.go:64	[sugar] query 13 records
2024-08-21T14:46:37.329+0800	[34mINFO[0m	article/router.go:64	[sugar] query 13 records
2024-08-21T14:50:06.789+0800	[34mINFO[0m	gin@v1.10.0/context.go:185	recordNotFound	{"error": "record not found"}
2024-08-21T14:50:16.426+0800	[34mINFO[0m	article/router.go:64	[sugar] query 13 records
**2024-08-08 18:53**
2024-08-21T18:22:58.340+0800	[34mINFO[0m	gin@v1.10.0/context.go:185	Captcah generate success	{"id": "rvKdVXoQT79Zgs7QHgZB"}
2024-08-21T18:23:05.875+0800	[34mINFO[0m	gin@v1.10.0/context.go:185	Captcah generate success	{"id": "srh8g7J0knG4j2Amufnq"}
2024-08-21T18:41:19.796+0800	[34mINFO[0m	gin@v1.10.0/context.go:185	Captcah generate success	{"id": "K0ShRcqRQrJeEE9e81vU"}
2024-08-21T18:43:11.951+0800	[34mINFO[0m	gin@v1.10.0/context.go:185	Captcah generate success	{"id": "jX9Ae9Yd6MV2YgCGbq3z"}
2024-08-21T18:44:32.654+0800	[34mINFO[0m	gin@v1.10.0/context.go:185	Captcah generate success	{"id": "Msxgek1zVeqsAto8Jk4T"}
2024-08-21T18:45:12.263+0800	[34mINFO[0m	gin@v1.10.0/context.go:185	Captcah generate success	{"id": "bjhnxu1hf78yn72O8bKV"}
2024-08-21T18:45:27.441+0800	[34mINFO[0m	gin@v1.10.0/context.go:185	Captcah generate success	{"id": "nxKRjBfcBxt1v0VrYrFe"}
2024-08-21T18:50:18.077+0800	[34mINFO[0m	gin@v1.10.0/context.go:185	Captcah generate success	{"id": "zJEKA8R1gznmyQfNXSH2"}
2024-08-21T18:51:43.122+0800	[34mINFO[0m	gin@v1.10.0/context.go:185	Captcah generate success	{"id": "qNs0xyXFcnx3su9oMeyS"}
2024-08-21T18:51:50.807+0800	[34mINFO[0m	gin@v1.10.0/context.go:185	Captcah generate success	{"id": "Vh4H9oknodmTBkSNbcDz"}
2024-08-21T18:51:54.959+0800	[34mINFO[0m	gin@v1.10.0/context.go:185	Captcah generate success	{"id": "zFkBbuXZR2SOuKbxuob4"}
2024-08-21T18:53:44.191+0800	[34mINFO[0m	gin@v1.10.0/context.go:185	Captcah generate success	{"id": "9gEBCxfc0rg81Y4Re6Ya"}
2024-08-21T18:53:54.988+0800	[34mINFO[0m	gin@v1.10.0/context.go:185	Captcah generate success	{"id": "gFNFSZVqfjUmEdcJKbr0"}
2024-08-21T18:55:15.176+0800	[34mINFO[0m	gin@v1.10.0/context.go:185	Captcah generate success	{"id": "atmzFYVaYbvZKkxTmFcu"}
2024-08-21T18:56:56.765+0800	[34mINFO[0m	gin@v1.10.0/context.go:185	Captcah generate success	{"id": "93Xzx7DMKDaBTzvbygET"}
2024-08-21T18:57:01.938+0800	[34mINFO[0m	gin@v1.10.0/context.go:185	Captcah generate success	{"id": "vM41RMaRduR7fEvmZNfM"}
2024-08-21T18:57:25.969+0800	[34mINFO[0m	gin@v1.10.0/context.go:185	Captcah generate success	{"id": "1toaY8xovrUhS1sSosCh"}
2024-08-21T18:59:10.374+0800	[34mINFO[0m	article/router.go:64	[sugar] query 13 records
2024-08-21T18:59:13.076+0800	[34mINFO[0m	gin@v1.10.0/context.go:185	ID:28 没有下一篇了
2024-08-21T18:59:16.046+0800	[31mERROR[0m	gin@v1.10.0/context.go:185	get article by id	{"error": "Error 1064 (42000): You have an error in your SQL syntax; check the manual that corresponds to your MySQL server version for the right syntax to use near '{ .article.ID }} AND `articles`.`deleted_at` IS NULL ORDER BY `articles`.`id` LI' at line 1"}
2024-08-21T18:59:16.053+0800	[31mERROR[0m	gin@v1.10.0/context.go:185	delete article by id	{"error": "Error 1064 (42000): You have an error in your SQL syntax; check the manual that corresponds to your MySQL server version for the right syntax to use near '{ .article.ID }} AND `articles`.`deleted_at` IS NULL' at line 1"}
2024-08-21T18:59:21.551+0800	[34mINFO[0m	gin@v1.10.0/context.go:185	ID:28 没有下一篇了
2024-08-21T18:59:27.858+0800	[31mERROR[0m	gin@v1.10.0/context.go:185	get article by id	{"error": "Error 1064 (42000): You have an error in your SQL syntax; check the manual that corresponds to your MySQL server version for the right syntax to use near '{ .article.ID }} AND `articles`.`deleted_at` IS NULL ORDER BY `articles`.`id` LI' at line 1"}
2024-08-21T18:59:27.860+0800	[31mERROR[0m	gin@v1.10.0/context.go:185	delete article by id	{"error": "Error 1064 (42000): You have an error in your SQL syntax; check the manual that corresponds to your MySQL server version for the right syntax to use near '{ .article.ID }} AND `articles`.`deleted_at` IS NULL' at line 1"}
2024-08-21T18:59:28.670+0800	[31mERROR[0m	gin@v1.10.0/context.go:185	get article by id	{"error": "Error 1064 (42000): You have an error in your SQL syntax; check the manual that corresponds to your MySQL server version for the right syntax to use near '{ .article.ID }} AND `articles`.`deleted_at` IS NULL ORDER BY `articles`.`id` LI' at line 1"}
2024-08-21T18:59:28.672+0800	[31mERROR[0m	gin@v1.10.0/context.go:185	delete article by id	{"error": "Error 1064 (42000): You have an error in your SQL syntax; check the manual that corresponds to your MySQL server version for the right syntax to use near '{ .article.ID }} AND `articles`.`deleted_at` IS NULL' at line 1"}
2024-08-21T18:59:29.273+0800	[31mERROR[0m	gin@v1.10.0/context.go:185	get article by id	{"error": "Error 1064 (42000): You have an error in your SQL syntax; check the manual that corresponds to your MySQL server version for the right syntax to use near '{ .article.ID }} AND `articles`.`deleted_at` IS NULL ORDER BY `articles`.`id` LI' at line 1"}
2024-08-21T18:59:29.275+0800	[31mERROR[0m	gin@v1.10.0/context.go:185	delete article by id	{"error": "Error 1064 (42000): You have an error in your SQL syntax; check the manual that corresponds to your MySQL server version for the right syntax to use near '{ .article.ID }} AND `articles`.`deleted_at` IS NULL' at line 1"}
2024-08-21T18:59:29.442+0800	[31mERROR[0m	gin@v1.10.0/context.go:185	get article by id	{"error": "Error 1064 (42000): You have an error in your SQL syntax; check the manual that corresponds to your MySQL server version for the right syntax to use near '{ .article.ID }} AND `articles`.`deleted_at` IS NULL ORDER BY `articles`.`id` LI' at line 1"}
2024-08-21T18:59:29.445+0800	[31mERROR[0m	gin@v1.10.0/context.go:185	delete article by id	{"error": "Error 1064 (42000): You have an error in your SQL syntax; check the manual that corresponds to your MySQL server version for the right syntax to use near '{ .article.ID }} AND `articles`.`deleted_at` IS NULL' at line 1"}
2024-08-21T18:59:29.622+0800	[31mERROR[0m	gin@v1.10.0/context.go:185	get article by id	{"error": "Error 1064 (42000): You have an error in your SQL syntax; check the manual that corresponds to your MySQL server version for the right syntax to use near '{ .article.ID }} AND `articles`.`deleted_at` IS NULL ORDER BY `articles`.`id` LI' at line 1"}
2024-08-21T18:59:29.624+0800	[31mERROR[0m	gin@v1.10.0/context.go:185	delete article by id	{"error": "Error 1064 (42000): You have an error in your SQL syntax; check the manual that corresponds to your MySQL server version for the right syntax to use near '{ .article.ID }} AND `articles`.`deleted_at` IS NULL' at line 1"}
2024-08-21T18:59:29.815+0800	[31mERROR[0m	gin@v1.10.0/context.go:185	get article by id	{"error": "Error 1064 (42000): You have an error in your SQL syntax; check the manual that corresponds to your MySQL server version for the right syntax to use near '{ .article.ID }} AND `articles`.`deleted_at` IS NULL ORDER BY `articles`.`id` LI' at line 1"}
2024-08-21T18:59:29.817+0800	[31mERROR[0m	gin@v1.10.0/context.go:185	delete article by id	{"error": "Error 1064 (42000): You have an error in your SQL syntax; check the manual that corresponds to your MySQL server version for the right syntax to use near '{ .article.ID }} AND `articles`.`deleted_at` IS NULL' at line 1"}
2024-08-21T18:59:30.269+0800	[31mERROR[0m	gin@v1.10.0/context.go:185	get article by id	{"error": "Error 1064 (42000): You have an error in your SQL syntax; check the manual that corresponds to your MySQL server version for the right syntax to use near '{ .article.ID }} AND `articles`.`deleted_at` IS NULL ORDER BY `articles`.`id` LI' at line 1"}
2024-08-21T18:59:30.271+0800	[31mERROR[0m	gin@v1.10.0/context.go:185	delete article by id	{"error": "Error 1064 (42000): You have an error in your SQL syntax; check the manual that corresponds to your MySQL server version for the right syntax to use near '{ .article.ID }} AND `articles`.`deleted_at` IS NULL' at line 1"}
2024-08-21T18:59:30.449+0800	[31mERROR[0m	gin@v1.10.0/context.go:185	get article by id	{"error": "Error 1064 (42000): You have an error in your SQL syntax; check the manual that corresponds to your MySQL server version for the right syntax to use near '{ .article.ID }} AND `articles`.`deleted_at` IS NULL ORDER BY `articles`.`id` LI' at line 1"}
2024-08-21T18:59:30.451+0800	[31mERROR[0m	gin@v1.10.0/context.go:185	delete article by id	{"error": "Error 1064 (42000): You have an error in your SQL syntax; check the manual that corresponds to your MySQL server version for the right syntax to use near '{ .article.ID }} AND `articles`.`deleted_at` IS NULL' at line 1"}
2024-08-21T18:59:30.980+0800	[31mERROR[0m	gin@v1.10.0/context.go:185	get article by id	{"error": "Error 1064 (42000): You have an error in your SQL syntax; check the manual that corresponds to your MySQL server version for the right syntax to use near '{ .article.ID }} AND `articles`.`deleted_at` IS NULL ORDER BY `articles`.`id` LI' at line 1"}
2024-08-21T18:59:30.982+0800	[31mERROR[0m	gin@v1.10.0/context.go:185	delete article by id	{"error": "Error 1064 (42000): You have an error in your SQL syntax; check the manual that corresponds to your MySQL server version for the right syntax to use near '{ .article.ID }} AND `articles`.`deleted_at` IS NULL' at line 1"}
2024-08-21T18:59:34.276+0800	[31mERROR[0m	gin@v1.10.0/context.go:185	get article by id	{"error": "Error 1064 (42000): You have an error in your SQL syntax; check the manual that corresponds to your MySQL server version for the right syntax to use near '{ .article.ID }} AND `articles`.`deleted_at` IS NULL ORDER BY `articles`.`id` LI' at line 1"}
2024-08-21T18:59:34.278+0800	[31mERROR[0m	gin@v1.10.0/context.go:185	delete article by id	{"error": "Error 1064 (42000): You have an error in your SQL syntax; check the manual that corresponds to your MySQL server version for the right syntax to use near '{ .article.ID }} AND `articles`.`deleted_at` IS NULL' at line 1"}
2024-08-21T18:59:42.095+0800	[34mINFO[0m	gin@v1.10.0/context.go:185	ID:28 没有下一篇了
2024-08-21T18:59:46.456+0800	[31mERROR[0m	gin@v1.10.0/context.go:185	get article by id	{"error": "Error 1064 (42000): You have an error in your SQL syntax; check the manual that corresponds to your MySQL server version for the right syntax to use near '{ .article.ID }} AND `articles`.`deleted_at` IS NULL ORDER BY `articles`.`id` LI' at line 1"}
2024-08-21T18:59:46.458+0800	[31mERROR[0m	gin@v1.10.0/context.go:185	delete article by id	{"error": "Error 1064 (42000): You have an error in your SQL syntax; check the manual that corresponds to your MySQL server version for the right syntax to use near '{ .article.ID }} AND `articles`.`deleted_at` IS NULL' at line 1"}
2024-08-21T18:59:53.347+0800	[31mERROR[0m	gin@v1.10.0/context.go:185	get article by id	{"error": "Error 1064 (42000): You have an error in your SQL syntax; check the manual that corresponds to your MySQL server version for the right syntax to use near '{ .article.ID }} AND `articles`.`deleted_at` IS NULL ORDER BY `articles`.`id` LI' at line 1"}
2024-08-21T18:59:53.350+0800	[31mERROR[0m	gin@v1.10.0/context.go:185	delete article by id	{"error": "Error 1064 (42000): You have an error in your SQL syntax; check the manual that corresponds to your MySQL server version for the right syntax to use near '{ .article.ID }} AND `articles`.`deleted_at` IS NULL' at line 1"}
2024-08-21T19:03:45.044+0800	[34mINFO[0m	gin@v1.10.0/context.go:185	Captcah generate success	{"id": "z66XH4jJF8U6hrtXOZSd"}
2024-08-21T19:05:05.439+0800	[34mINFO[0m	gin@v1.10.0/context.go:185	Captcah generate success	{"id": "GCxGMCMNVf0oNRe7Qsok"}
2024-08-21T19:06:43.220+0800	[34mINFO[0m	gin@v1.10.0/context.go:185	Captcah generate success	{"id": "cA7by7u2cxnGtby8meyc"}
2024-08-21T19:10:30.883+0800	[34mINFO[0m	gin@v1.10.0/context.go:185	Captcah generate success	{"id": "BgmQybBaS6QRh0JC8xdT"}
2024-08-21T19:10:32.176+0800	[34mINFO[0m	gin@v1.10.0/context.go:185	Captcah generate success	{"id": "Yk1sSj0dYOF41ZqMV74q"}
2024-08-21T19:10:36.386+0800	[34mINFO[0m	gin@v1.10.0/context.go:185	Captcah generate success	{"id": "gBEzykBo0rDvqRmnO2Jf"}
**2024-08-08 19:25**
2024-08-21T19:14:33.224+0800	[34mINFO[0m	gin@v1.10.0/context.go:185	Captcah generate success	{"id": "TH1dRNF9yzGbv8gEmTYK"}
2024-08-21T19:24:46.693+0800	[34mINFO[0m	gin@v1.10.0/context.go:185	Captcah generate success	{"id": "ZStNTEkDyAytVXnCa4aO"}
2024-08-21T19:26:04.827+0800	[34mINFO[0m	gin@v1.10.0/context.go:185	Captcah generate success	{"id": "OO4x4dh3Vm90cmUt8ZXc"}
2024-08-21T19:27:09.857+0800	[34mINFO[0m	gin@v1.10.0/context.go:185	Captcah generate success	{"id": "gssZrMrms0fUmk8E6mmE"}
2024-08-21T19:28:25.257+0800	[34mINFO[0m	gin@v1.10.0/context.go:185	Captcah generate success	{"id": "4N7QT90MBroFVDCFzNEk"}
2024-08-21T19:29:29.508+0800	[34mINFO[0m	gin@v1.10.0/context.go:185	Captcah generate success	{"id": "o10S9fMyHJyNX0CHUtcT"}
2024-08-21T19:30:08.426+0800	[34mINFO[0m	gin@v1.10.0/context.go:185	Captcah generate success	{"id": "EZtUNXrvaMvoUJOByMjD"}
2024-08-21T19:31:25.606+0800	[34mINFO[0m	gin@v1.10.0/context.go:185	Captcah generate success	{"id": "j1DN0ZU1j6eNJSyDGvTq"}
2024-08-21T19:32:48.345+0800	[34mINFO[0m	gin@v1.10.0/context.go:185	Captcah generate success	{"id": "aRr4NUkOrzNoHCmE9kNo"}
2024-08-21T19:33:39.048+0800	[34mINFO[0m	gin@v1.10.0/context.go:185	Captcah generate success	{"id": "vFK4eJyZVJSoEMONth7U"}
2024-08-21T19:34:40.918+0800	[34mINFO[0m	gin@v1.10.0/context.go:185	Captcah generate success	{"id": "nYfVsuctKOH6dg33BenB"}
2024-08-21T19:35:04.633+0800	[34mINFO[0m	gin@v1.10.0/context.go:185	Captcah generate success	{"id": "qsYFuJDE7Dk2uzTCVdSr"}
**2024-08-08 19:32**
2024-08-21T19:35:41.074+0800	[34mINFO[0m	gin@v1.10.0/context.go:185	Captcah generate success	{"id": "FKZvqnftBuzDuSHyuC6Q"}
2024-08-21T19:36:17.745+0800	[34mINFO[0m	gin@v1.10.0/context.go:185	Captcah generate success	{"id": "28Q92nr7SZr46NcmgAqV"}
2024-08-21T19:36:19.058+0800	[34mINFO[0m	gin@v1.10.0/context.go:185	Captcah generate success	{"id": "TtrxQ88eFK91QxFNYGqT"}
2024-08-21T19:36:20.259+0800	[34mINFO[0m	gin@v1.10.0/context.go:185	Captcah generate success	{"id": "ZJ6z180XeHANK1fJbjKY"}
2024-08-21T19:38:25.522+0800	[34mINFO[0m	gin@v1.10.0/context.go:185	Captcah generate success	{"id": "1Zmb3jbGOJhgvVHZCzSe"}
2024-08-21T19:38:26.975+0800	[34mINFO[0m	gin@v1.10.0/context.go:185	Captcah generate success	{"id": "1e2EohjYe0smYHQAkMYr"}
2024-08-21T19:40:05.812+0800	[34mINFO[0m	gin@v1.10.0/context.go:185	Captcah generate success	{"id": "Eh1v9RTx1OM1V0JfhFfR"}
2024-08-21T19:43:07.519+0800	[34mINFO[0m	gin@v1.10.0/context.go:185	Captcah generate success	{"id": "keKtJTqYRE4FOMB4dhUy"}
2024-08-21T19:45:21.551+0800	[34mINFO[0m	gin@v1.10.0/context.go:185	Captcah generate success	{"id": "6Sy1v2udMqCKjVyDnZuD"}
2024-08-21T19:46:31.115+0800	[34mINFO[0m	gin@v1.10.0/context.go:185	Captcah generate success	{"id": "eYZt0GZMC7NzAmuB7FjH"}
2024-08-21T19:47:50.393+0800	[34mINFO[0m	gin@v1.10.0/context.go:185	Captcah generate success	{"id": "XcD3Aq4dq1GNtO4UZR40"}
2024-08-21T19:49:32.666+0800	[34mINFO[0m	gin@v1.10.0/context.go:185	Captcah generate success	{"id": "SD6mSjBfKUvDTubC8dDS"}
2024-08-21T19:51:27.334+0800	[34mINFO[0m	gin@v1.10.0/context.go:185	Captcah generate success	{"id": "4s4svTFqHsmSt4qdtKah"}
**2024-08-08 19:40**
2024-08-21T19:56:51.600+0800	[34mINFO[0m	gin@v1.10.0/context.go:185	Captcah generate success	{"id": "jUcbgDUzvh8ugzUSyS0T"}
2024-08-21T19:56:55.198+0800	[34mINFO[0m	gin@v1.10.0/context.go:185	Captcah generate success	{"id": "ckk8k7BE3ov4ruDuamss"}
2024-08-21T19:57:01.360+0800	[34mINFO[0m	gin@v1.10.0/context.go:185	Captcah generate success	{"id": "vtFJEfy29Ztvn24qjavy"}
2024-08-21T19:57:35.261+0800	[34mINFO[0m	gin@v1.10.0/context.go:185	Captcah generate success	{"id": "Grn0dqez8XU0ZQeax0eh"}
2024-08-21T19:58:57.607+0800	[34mINFO[0m	gin@v1.10.0/context.go:185	Captcah generate success	{"id": "2bkcHsSGaAcOVGeF1rCy"}
2024-08-21T19:59:06.418+0800	[34mINFO[0m	gin@v1.10.0/context.go:185	Captcah generate success	{"id": "FBk4mgMN8a2JxEttJqmc"}
2024-08-21T19:59:30.458+0800	[31mERROR[0m	gin@v1.10.0/context.go:185	用户密码错误	{"error": "crypto/bcrypt: hashedPassword is not the hash of the given password"}
2024-08-21T19:59:32.329+0800	[34mINFO[0m	gin@v1.10.0/context.go:185	Captcah generate success	{"id": "FDGaFJ8teV8BR9YCRFkK"}
2024-08-21T19:59:57.967+0800	[34mINFO[0m	gin@v1.10.0/context.go:185	Captcah generate success	{"id": "dF3B4NrHmVmZefg33UOC"}
2024-08-21T20:05:05.392+0800	[34mINFO[0m	gin@v1.10.0/context.go:185	Captcah generate success	{"id": "AOdMXU1e2FzNFz8zRdQT"}
2024-08-21T20:06:49.963+0800	[34mINFO[0m	gin@v1.10.0/context.go:185	Captcah generate success	{"id": "gzGR7Gg003dYVYdq1KuG"}
2024-08-21T20:06:53.774+0800	[34mINFO[0m	gin@v1.10.0/context.go:185	Captcah generate success	{"id": "Ys3C32hkMmuxe1sck9km"}
2024-08-21T20:07:06.520+0800	[34mINFO[0m	gin@v1.10.0/context.go:185	Captcah generate success	{"id": "mzN0ydy9MCe4bDX6vqEJ"}
2024-08-21T20:09:39.093+0800	[34mINFO[0m	gin@v1.10.0/context.go:185	Captcah generate success	{"id": "CcckG4DUR9t2n3MC9H7y"}
2024-08-21T20:10:13.719+0800	[34mINFO[0m	gin@v1.10.0/context.go:185	Captcah generate success	{"id": "StrF2eduAzVc6y1M08TA"}
2024-08-21T20:10:17.496+0800	[34mINFO[0m	gin@v1.10.0/context.go:185	Captcah generate success	{"id": "V07fuOyecBCf8F9Kn2A7"}
2024-08-21T20:10:21.936+0800	[34mINFO[0m	gin@v1.10.0/context.go:185	Captcah generate success	{"id": "B4qEO9RHKvYgMYtfRoe2"}
2024-08-21T20:10:24.106+0800	[34mINFO[0m	gin@v1.10.0/context.go:185	Captcah generate success	{"id": "rjZnAOcEjtJdCzGMYo7k"}
2024-08-21T20:11:21.153+0800	[34mINFO[0m	gin@v1.10.0/context.go:185	Captcah generate success	{"id": "KtV8obYVHhfqTcbmquNe"}
2024-08-21T20:11:26.339+0800	[34mINFO[0m	gin@v1.10.0/context.go:185	Captcah generate success	{"id": "ShoBg3Xbuv8kVYSk0H6n"}
**2024-08-08 20:14**
2024-08-21T20:14:49.053+0800	[34mINFO[0m	gin@v1.10.0/context.go:185	Captcah generate success	{"id": "u6FoxgjgTk8v8J8TnN2Z"}
2024-08-21T20:15:41.929+0800	[34mINFO[0m	gin@v1.10.0/context.go:185	Captcah generate success	{"id": "mNUZ23Hqrbx4xVNxDTBH"}
2024-08-21T20:15:48.567+0800	[34mINFO[0m	gin@v1.10.0/context.go:185	Captcah generate success	{"id": "edhEK11gyoDA9bCdgOUB"}
2024-08-21T20:36:55.946+0800	[34mINFO[0m	gin@v1.10.0/context.go:185	Captcah generate success	{"id": "UtECeCmMckzN209ATQ1n"}
2024-08-21T20:38:14.358+0800	[34mINFO[0m	gin@v1.10.0/context.go:185	Captcah generate success	{"id": "EJdMUtocftsOXnqZR10Q"}
2024-08-21T20:38:36.526+0800	[34mINFO[0m	gin@v1.10.0/context.go:185	Captcah generate success	{"id": "Dhh3QYkXzrRcJnNyxYSc"}
2024-08-21T20:42:37.046+0800	[34mINFO[0m	gin@v1.10.0/context.go:185	Captcah generate success	{"id": "NGmxtKtvvE1ZCSVDUb6E"}
2024-08-21T20:42:59.338+0800	[34mINFO[0m	gin@v1.10.0/context.go:185	Captcah generate success	{"id": "3E7tbabCFtjRaY0UYBFk"}
2024-08-22T08:00:30.810+0800	[34mINFO[0m	gin@v1.10.0/context.go:185	Captcah generate success	{"id": "xcm8OGFNmOxoGDcXfZm4"}
2024-08-22T08:04:27.194+0800	[34mINFO[0m	gin@v1.10.0/context.go:185	Captcah generate success	{"id": "HGCmc3c8abur8FGcJ2Fk"}
2024-08-22T08:05:51.821+0800	[34mINFO[0m	gin@v1.10.0/context.go:185	Captcah generate success	{"id": "0FUqMYzRK4R7XYc0qkVA"}
2024-08-22T08:07:07.635+0800	[34mINFO[0m	gin@v1.10.0/context.go:185	Captcah generate success	{"id": "dEBUTTo3Nu9h1gDUeQ6o"}
2024-08-22T08:10:54.488+0800	[34mINFO[0m	gin@v1.10.0/context.go:185	Captcah generate success	{"id": "cjhjDfSjsVEnZCeq7Ns3"}
**2024-08-08 08:57**
2024-08-22T08:12:13.626+0800	[34mINFO[0m	gin@v1.10.0/context.go:185	Captcah generate success	{"id": "78CdUuSAED1r4BRN0xRd"}
2024-08-22T08:12:31.807+0800	[34mINFO[0m	gin@v1.10.0/context.go:185	Captcah generate success	{"id": "HrNJqvueB0rOMkeDauNu"}
2024-08-22T08:13:32.718+0800	[34mINFO[0m	gin@v1.10.0/context.go:185	Captcah generate success	{"id": "RAfCTVqFQYkQ9a7QBc63"}
2024-08-22T08:14:06.276+0800	[34mINFO[0m	gin@v1.10.0/context.go:185	Captcah generate success	{"id": "67n7CgMavotc47muGEXV"}
2024-08-22T08:16:21.046+0800	[34mINFO[0m	gin@v1.10.0/context.go:185	Captcah generate success	{"id": "JzeKxBHjufMNBNC3Rk3d"}
2024-08-22T08:18:11.670+0800	[34mINFO[0m	gin@v1.10.0/context.go:185	Captcah generate success	{"id": "yx4xRYfJCRhO6vENmgOc"}
2024-08-22T08:22:43.961+0800	[34mINFO[0m	gin@v1.10.0/context.go:185	Captcah generate success	{"id": "xcdBQEuzGXetgNfUTV0Y"}
2024-08-22T08:24:05.241+0800	[34mINFO[0m	gin@v1.10.0/context.go:185	Captcah generate success	{"id": "s1S2Xz6hcQa9TxHAVkMM"}
2024-08-22T08:24:40.093+0800	[34mINFO[0m	gin@v1.10.0/context.go:185	Captcah generate success	{"id": "9ufabA8K7aVHzZRmRORG"}
2024-08-22T08:26:28.987+0800	[34mINFO[0m	gin@v1.10.0/context.go:185	Captcah generate success	{"id": "NRm4nbtrRTV8ONkM1fUG"}
2024-08-22T08:39:08.942+0800	[34mINFO[0m	article/router.go:64	[sugar] query 13 records
2024-08-22T08:39:18.758+0800	[34mINFO[0m	gin@v1.10.0/context.go:185	ID:13 没有上一篇了
2024-08-22T08:39:20.096+0800	[31mERROR[0m	gin@v1.10.0/context.go:185	get article by id	{"error": "Error 1064 (42000): You have an error in your SQL syntax; check the manual that corresponds to your MySQL server version for the right syntax to use near '{ .article.ID }} AND `articles`.`deleted_at` IS NULL ORDER BY `articles`.`id` LI' at line 1"}
2024-08-22T08:39:20.099+0800	[31mERROR[0m	gin@v1.10.0/context.go:185	delete article by id	{"error": "Error 1064 (42000): You have an error in your SQL syntax; check the manual that corresponds to your MySQL server version for the right syntax to use near '{ .article.ID }} AND `articles`.`deleted_at` IS NULL' at line 1"}
2024-08-22T08:39:29.832+0800	[31mERROR[0m	gin@v1.10.0/context.go:185	get article by id	{"error": "Error 1064 (42000): You have an error in your SQL syntax; check the manual that corresponds to your MySQL server version for the right syntax to use near '{ .article.ID }} AND `articles`.`deleted_at` IS NULL ORDER BY `articles`.`id` LI' at line 1"}
2024-08-22T08:39:29.834+0800	[31mERROR[0m	gin@v1.10.0/context.go:185	delete article by id	{"error": "Error 1064 (42000): You have an error in your SQL syntax; check the manual that corresponds to your MySQL server version for the right syntax to use near '{ .article.ID }} AND `articles`.`deleted_at` IS NULL' at line 1"}
2024-08-22T08:44:01.867+0800	[31mERROR[0m	gin@v1.10.0/context.go:185	get article by id	{"error": "Error 1064 (42000): You have an error in your SQL syntax; check the manual that corresponds to your MySQL server version for the right syntax to use near '{ .article.ID }} AND `articles`.`deleted_at` IS NULL ORDER BY `articles`.`id` LI' at line 1"}
2024-08-22T08:44:01.870+0800	[31mERROR[0m	gin@v1.10.0/context.go:185	delete article by id	{"error": "Error 1064 (42000): You have an error in your SQL syntax; check the manual that corresponds to your MySQL server version for the right syntax to use near '{ .article.ID }} AND `articles`.`deleted_at` IS NULL' at line 1"}
2024-08-22T08:44:15.130+0800	[31mERROR[0m	gin@v1.10.0/context.go:185	get article by id	{"error": "Error 1064 (42000): You have an error in your SQL syntax; check the manual that corresponds to your MySQL server version for the right syntax to use near '{ .article.ID }} AND `articles`.`deleted_at` IS NULL ORDER BY `articles`.`id` LI' at line 1"}
2024-08-22T08:44:15.135+0800	[31mERROR[0m	gin@v1.10.0/context.go:185	delete article by id	{"error": "Error 1064 (42000): You have an error in your SQL syntax; check the manual that corresponds to your MySQL server version for the right syntax to use near '{ .article.ID }} AND `articles`.`deleted_at` IS NULL' at line 1"}
2024-08-22T08:44:20.372+0800	[34mINFO[0m	article/router.go:64	[sugar] query 13 records
2024-08-22T08:45:01.826+0800	[31mERROR[0m	gin@v1.10.0/context.go:185	get article by id	{"error": "Error 1064 (42000): You have an error in your SQL syntax; check the manual that corresponds to your MySQL server version for the right syntax to use near '{ .article.ID }} AND `articles`.`deleted_at` IS NULL ORDER BY `articles`.`id` LI' at line 1"}
2024-08-22T08:45:01.829+0800	[31mERROR[0m	gin@v1.10.0/context.go:185	delete article by id	{"error": "Error 1064 (42000): You have an error in your SQL syntax; check the manual that corresponds to your MySQL server version for the right syntax to use near '{ .article.ID }} AND `articles`.`deleted_at` IS NULL' at line 1"}
2024-08-22T08:46:17.174+0800	[34mINFO[0m	article/router.go:64	[sugar] query 12 records
2024-08-22T08:46:55.199+0800	[34mINFO[0m	article/router.go:64	[sugar] query 11 records
**2024-08-08 08:37**
2024-08-22T08:48:50.901+0800	[34mINFO[0m	article/router.go:68	[sugar] query 10 records
2024-08-22T08:48:51.795+0800	[34mINFO[0m	article/router.go:68	[sugar] query 10 records
2024-08-22T08:49:15.278+0800	[34mINFO[0m	article/router.go:68	[sugar] query 9 records
2024-08-22T08:49:16.324+0800	[34mINFO[0m	article/router.go:68	[sugar] query 9 records
2024-08-22T08:49:28.342+0800	[34mINFO[0m	article/router.go:68	[sugar] query 9 records
2024-08-22T08:49:30.027+0800	[34mINFO[0m	gin@v1.10.0/context.go:185	ID:28 没有下一篇了
2024-08-22T08:51:00.712+0800	[34mINFO[0m	article/router.go:68	[sugar] query 9 records
2024-08-22T08:51:12.316+0800	[34mINFO[0m	gin@v1.10.0/context.go:185	ID:28 没有下一篇了
2024-08-22T08:51:23.648+0800	[34mINFO[0m	gin@v1.10.0/context.go:185	ID:28 没有下一篇了
2024-08-22T08:54:20.592+0800	[34mINFO[0m	gin@v1.10.0/context.go:185	Captcah generate success	{"id": "NE7y4JDQObquX4KnXduN"}
2024-08-22T08:54:23.722+0800	[34mINFO[0m	gin@v1.10.0/context.go:185	Captcah generate success	{"id": "JackK38J2R72cz1j9rjf"}
2024-08-22T08:59:56.031+0800	[34mINFO[0m	gin@v1.10.0/context.go:185	Captcah generate success	{"id": "FDGK2bUCu3aDEMsQZZoB"}
2024-08-22T09:00:03.736+0800	[34mINFO[0m	gin@v1.10.0/context.go:185	Captcah generate success	{"id": "DSX3JMyjaSFU2hXv8drG"}
2024-08-22T09:00:07.910+0800	[34mINFO[0m	gin@v1.10.0/context.go:185	Captcah generate success	{"id": "OXXUdfuEbvOkydnMvXJR"}
2024-08-22T09:00:09.802+0800	[34mINFO[0m	gin@v1.10.0/context.go:185	Captcah generate success	{"id": "K9a7yRDO2seSY23ECuhn"}
2024-08-22T09:00:22.856+0800	[34mINFO[0m	gin@v1.10.0/context.go:185	Captcah generate success	{"id": "Jq9qR9sUXJDAyXUeJqGR"}
2024-08-22T09:00:25.223+0800	[34mINFO[0m	gin@v1.10.0/context.go:185	Captcah generate success	{"id": "6C8nXjBSs80OXY3s1NY1"}
2024-08-22T09:00:59.374+0800	[34mINFO[0m	gin@v1.10.0/context.go:185	Captcah generate success	{"id": "2ASNrJE3eo63Gk21tkMC"}
2024-08-22T09:01:01.317+0800	[34mINFO[0m	gin@v1.10.0/context.go:185	Captcah generate success	{"id": "3tJ4n6TRMMjbuTX9tvxb"}
2024-08-22T09:01:27.101+0800	[34mINFO[0m	gin@v1.10.0/context.go:185	Captcah generate success	{"id": "qQVBJm0HxRG8Q0SaHyUG"}
2024-08-22T09:01:29.909+0800	[34mINFO[0m	gin@v1.10.0/context.go:185	Captcah generate success	{"id": "z6dRrvg1uJYUxJzxB0Zs"}
2024-08-22T09:01:31.666+0800	[34mINFO[0m	gin@v1.10.0/context.go:185	Captcah generate success	{"id": "XRG0THvCB080qCefR141"}
2024-08-22T09:01:32.581+0800	[34mINFO[0m	gin@v1.10.0/context.go:185	Captcah generate success	{"id": "SQsJ0HSxZhbxnrqkVy4q"}
2024-08-22T09:01:33.864+0800	[34mINFO[0m	gin@v1.10.0/context.go:185	Captcah generate success	{"id": "b40k0egatV2xOtOaAreE"}
2024-08-22T09:01:34.024+0800	[34mINFO[0m	gin@v1.10.0/context.go:185	Captcah generate success	{"id": "s7bQCbVjmByoEv3GdtXB"}
**2024-08-08 09:55**
2024-08-27T09:33:04.476+0800	[34mINFO[0m	article/router.go:68	[sugar] query 9 records
2024-08-27T09:33:09.991+0800	[34mINFO[0m	article/router.go:68	[sugar] query 9 records
**2024-08-08 10:01**
2024-08-27T10:36:51.238+0800	[34mINFO[0m	gin@v1.10.0/context.go:185	Captcah generate success	{"id": "jUyN7RDObu9DFvAAkCCa"}
2024-08-27T10:37:08.854+0800	[31mERROR[0m	gin@v1.10.0/context.go:185	create token failed	{"error": "key is of invalid type"}
**2024-08-08 10:55**
2024-08-27T10:42:06.381+0800	[34mINFO[0m	gin@v1.10.0/context.go:185	Captcah generate success	{"id": "6KNqYxyFvv8zx21TxuAX"}
2024-08-27T10:43:10.866+0800	[34mINFO[0m	article/router.go:68	[sugar] query 9 records
2024-08-28T16:27:16.182+0800	[34mINFO[0m	article/router.go:68	[sugar] query 0 records
2024-08-28T16:27:16.183+0800	[31mERROR[0m	gin@v1.10.0/context.go:185	get article list	{"error": "Error 1046 (3D000): No database selected"}
2024-08-28T16:27:46.834+0800	[34mINFO[0m	article/router.go:68	[sugar] query 0 records
2024-08-28T16:27:46.834+0800	[31mERROR[0m	gin@v1.10.0/context.go:185	get article list	{"error": "Error 1046 (3D000): No database selected"}
2024-08-28T16:28:36.086+0800	[34mINFO[0m	gin@v1.10.0/context.go:185	Captcah generate success	{"id": "RfJFChjJkYJzmha62mzM"}
2024-08-28T16:28:48.001+0800	[34mINFO[0m	gin@v1.10.0/context.go:185	Captcah generate success	{"id": "CM4SfYaYaUtN46CZ89Am"}
2024-08-28T16:43:09.491+0800	[31mERROR[0m	gin@v1.10.0/context.go:185	get article by id	{"error": "Error 1046 (3D000): No database selected"}
**2024-08-08 16:57**
**2024-08-08 16:25**
2024-08-28T16:47:36.705+0800	[34mINFO[0m	article/router.go:68	[sugar] query 9 records
2024-08-28T16:48:13.007+0800	[34mINFO[0m	gin@v1.10.0/context.go:185	Captcah generate success	{"id": "C2MZDVsumYX0htmk0m4V"}
2024-08-28T16:49:17.321+0800	[34mINFO[0m	article/router.go:68	[sugar] query 9 records
**2024-08-08 16:48**
2024-08-28T16:59:54.377+0800	[34mINFO[0m	article/router.go:69	[sugar] query 9 records
2024-08-28T17:00:01.167+0800	[34mINFO[0m	article/router.go:69	[sugar] query 9 records
2024-08-28T17:00:19.899+0800	[31mERROR[0m	gin@v1.10.0/context.go:185	parse token	{"error": "json: cannot unmarshal object into Go value of type jwt.Claims"}
2024-08-28T17:00:30.362+0800	[31mERROR[0m	gin@v1.10.0/context.go:185	parse token	{"error": "json: cannot unmarshal object into Go value of type jwt.Claims"}
2024-08-28T17:00:32.173+0800	[31mERROR[0m	gin@v1.10.0/context.go:185	parse token	{"error": "json: cannot unmarshal object into Go value of type jwt.Claims"}
2024-08-28T17:00:33.641+0800	[31mERROR[0m	gin@v1.10.0/context.go:185	parse token	{"error": "json: cannot unmarshal object into Go value of type jwt.Claims"}
2024-08-28T17:01:22.833+0800	[31mERROR[0m	gin@v1.10.0/context.go:185	parse token	{"error": "json: cannot unmarshal object into Go value of type jwt.Claims"}
2024-08-28T17:01:41.820+0800	[34mINFO[0m	article/router.go:69	[sugar] query 9 records
2024-08-28T17:01:44.174+0800	[34mINFO[0m	gin@v1.10.0/context.go:185	ID:13 没有上一篇了
2024-08-28T17:01:46.464+0800	[31mERROR[0m	gin@v1.10.0/context.go:185	parse token	{"error": "json: cannot unmarshal object into Go value of type jwt.Claims"}
2024-08-28T17:02:56.680+0800	[31mERROR[0m	gin@v1.10.0/context.go:185	parse token	{"error": "json: cannot unmarshal object into Go value of type jwt.Claims"}
2024-08-28T17:03:31.871+0800	[31mERROR[0m	gin@v1.10.0/context.go:185	parse token	{"error": "json: cannot unmarshal object into Go value of type jwt.Claims"}
2024-08-28T17:04:11.815+0800	[31mERROR[0m	gin@v1.10.0/context.go:185	parse token	{"error": "json: cannot unmarshal object into Go value of type jwt.Claims"}
2024-08-28T17:10:45.982+0800	[34mINFO[0m	gin@v1.10.0/context.go:185	ID:13 没有上一篇了
2024-08-28T17:10:49.903+0800	[31mERROR[0m	gin@v1.10.0/context.go:185	parse token	{"error": "json: cannot unmarshal object into Go value of type jwt.Claims"}
2024-08-28T17:46:13.321+0800	[31mERROR[0m	gin@v1.10.0/context.go:185	parse token	{"error": "json: cannot unmarshal object into Go value of type jwt.Claims"}
2024-08-28T17:46:21.175+0800	[34mINFO[0m	gin@v1.10.0/context.go:185	ID:13 没有上一篇了
2024-08-28T17:46:22.561+0800	[31mERROR[0m	gin@v1.10.0/context.go:185	parse token	{"error": "json: cannot unmarshal object into Go value of type jwt.Claims"}
2024-08-28T17:46:25.839+0800	[31mERROR[0m	gin@v1.10.0/context.go:185	parse token	{"error": "json: cannot unmarshal object into Go value of type jwt.Claims"}
2024-08-28T17:47:16.477+0800	[31mERROR[0m	gin@v1.10.0/context.go:185	parse token	{"error": "json: cannot unmarshal object into Go value of type jwt.Claims"}
2024-08-28T17:47:18.514+0800	[34mINFO[0m	gin@v1.10.0/context.go:185	ID:13 没有上一篇了
2024-08-28T17:47:19.727+0800	[31mERROR[0m	gin@v1.10.0/context.go:185	parse token	{"error": "json: cannot unmarshal object into Go value of type jwt.Claims"}
2024-08-28T17:47:44.834+0800	[34mINFO[0m	article/router.go:69	[sugar] query 9 records
2024-08-28T17:47:50.359+0800	[31mERROR[0m	gin@v1.10.0/context.go:185	parse token	{"error": "json: cannot unmarshal object into Go value of type jwt.Claims"}
2024-08-28T17:48:18.563+0800	[34mINFO[0m	article/router.go:69	[sugar] query 9 records
2024-08-28T17:48:21.007+0800	[34mINFO[0m	gin@v1.10.0/context.go:185	empty token
2024-08-28T17:48:25.192+0800	[34mINFO[0m	gin@v1.10.0/context.go:185	empty token
2024-08-28T17:49:06.072+0800	[34mINFO[0m	gin@v1.10.0/context.go:185	empty token
**2024-08-08 18:02**
2024-08-28T18:10:14.473+0800	[34mINFO[0m	article/router.go:71	[sugar] query 9 records
2024-08-28T18:10:25.550+0800	[34mINFO[0m	gin@v1.10.0/context.go:185	empty token
2024-08-28T18:10:40.750+0800	[34mINFO[0m	gin@v1.10.0/context.go:185	Captcah generate success	{"id": "g17kXk6B46XDEFUdC8UD"}
2024-08-28T18:10:56.087+0800	[34mINFO[0m	gin@v1.10.0/context.go:185	Captcah generate success	{"id": "OHRFBC8oHbvNhkTQtHCC"}
2024-08-28T18:13:33.489+0800	[34mINFO[0m	gin@v1.10.0/context.go:185	Captcah generate success	{"id": "rRyUaZC9QYXOOa7A9sr9"}
2024-08-28T18:13:49.665+0800	[34mINFO[0m	gin@v1.10.0/context.go:185	Captcah generate success	{"id": "vmFrJJQayOAJhO0NF9kU"}
2024-08-28T18:14:31.946+0800	[34mINFO[0m	gin@v1.10.0/context.go:185	Captcah generate success	{"id": "N73B0Bgxq2ND6oFyqYBs"}
2024-08-28T18:15:39.712+0800	[34mINFO[0m	gin@v1.10.0/context.go:185	Captcah generate success	{"id": "6f9etHe9uXD8zg4ekD49"}
2024-08-28T18:19:26.477+0800	[34mINFO[0m	article/router.go:71	[sugar] query 9 records
2024-08-28T18:19:34.001+0800	[31mERROR[0m	gin@v1.10.0/context.go:185	parse token	{"error": "json: cannot unmarshal object into Go value of type jwt.Claims"}
**2024-08-08 18:27**
2024-08-28T18:23:36.747+0800	[34mINFO[0m	gin@v1.10.0/context.go:185	token%!(EXTRA string=eyJhbGciOiJIUzI1NiIsInR5cCI6IkpXVCJ9.eyJVdWlkIjoiYzFhY2NhZTctMjFjOS00Mzc0LTg3ZDctOWZkMjU2YzA0MmFjIiwiVXNlcklEIjoyLCJVc2VyTmFtZSI6InNvYmJsZSIsIk5pY2tOYW1lIjoic29iYmxlIiwiQXV0aG9yaXR5SWQiOjYsImlzcyI6ImN5YW4iLCJhdWQiOlsiY3lhbnMiXSwiZXhwIjoxNzI0OTI2NTg0fQ.1jXJGgJQ-Yujs5c1sF9i-2umlYYLkgUBycHzKPR798o)
2024-08-28T18:23:36.749+0800	[31mERROR[0m	gin@v1.10.0/context.go:185	parse token	{"error": "json: cannot unmarshal object into Go value of type jwt.Claims"}
**2024-08-08 18:50**
2024-08-28T18:24:59.098+0800	[34mINFO[0m	gin@v1.10.0/context.go:185	eyJhbGciOiJIUzI1NiIsInR5cCI6IkpXVCJ9.eyJVdWlkIjoiYzFhY2NhZTctMjFjOS00Mzc0LTg3ZDctOWZkMjU2YzA0MmFjIiwiVXNlcklEIjoyLCJVc2VyTmFtZSI6InNvYmJsZSIsIk5pY2tOYW1lIjoic29iYmxlIiwiQXV0aG9yaXR5SWQiOjYsImlzcyI6ImN5YW4iLCJhdWQiOlsiY3lhbnMiXSwiZXhwIjoxNzI0OTI2NTg0fQ.1jXJGgJQ-Yujs5c1sF9i-2umlYYLkgUBycHzKPR798o
2024-08-28T18:24:59.100+0800	[31mERROR[0m	gin@v1.10.0/context.go:185	parse token	{"error": "json: cannot unmarshal object into Go value of type jwt.Claims"}
**2024-08-08 18:13**
2024-08-28T18:28:22.017+0800	[31mERROR[0m	gin@v1.10.0/context.go:185	parse token	{"error": "key is of invalid type"}
2024-08-28T18:28:46.014+0800	[31mERROR[0m	gin@v1.10.0/context.go:185	parse token	{"error": "key is of invalid type"}
2024-08-28T19:03:59.563+0800	[34mINFO[0m	article/router.go:71	[sugar] query 9 records
2024-08-28T19:05:49.631+0800	[34mINFO[0m	article/router.go:71	[sugar] query 9 records
2024-08-28T19:05:55.793+0800	[34mINFO[0m	article/router.go:71	[sugar] query 9 records
2024-08-28T19:06:28.294+0800	[34mINFO[0m	gin@v1.10.0/context.go:185	Captcah generate success	{"id": "qt9BtJZh02VsYOEqUDFe"}
2024-08-28T19:06:48.276+0800	[34mINFO[0m	article/router.go:71	[sugar] query 9 records
2024-08-28T19:07:55.738+0800	[34mINFO[0m	article/router.go:71	[sugar] query 9 records
2024-08-28T19:08:27.120+0800	[34mINFO[0m	gin@v1.10.0/context.go:185	empty token
**2024-08-08 10:40**
2024-08-29T10:12:47.153+0800	[34mINFO[0m	article/router.go:71	[sugar] query 9 records
2024-08-29T10:13:07.990+0800	[31mERROR[0m	gin@v1.10.0/context.go:185	get article by id	{"error": "Error 1064 (42000): You have an error in your SQL syntax; check the manual that corresponds to your MySQL server version for the right syntax to use near 'add AND `articles`.`deleted_at` IS NULL ORDER BY `articles`.`id` LIMIT ?' at line 1"}
2024-08-29T10:13:08.194+0800	[34mINFO[0m	gin@v1.10.0/context.go:185	empty token
2024-08-29T10:13:16.810+0800	[34mINFO[0m	gin@v1.10.0/context.go:185	Captcah generate success	{"id": "smBoXYyK4VMQh07MOHeG"}
2024-08-29T10:13:22.356+0800	[34mINFO[0m	gin@v1.10.0/context.go:185	Captcah generate success	{"id": "v4XjS0jN8BgyBrdJcAVr"}
2024-08-29T10:13:41.667+0800	[31mERROR[0m	gin@v1.10.0/context.go:185	get article by id	{"error": "Error 1064 (42000): You have an error in your SQL syntax; check the manual that corresponds to your MySQL server version for the right syntax to use near 'add AND `articles`.`deleted_at` IS NULL ORDER BY `articles`.`id` LIMIT ?' at line 1"}
2024-08-29T10:13:41.884+0800	[31mERROR[0m	gin@v1.10.0/context.go:185	parse token	{"error": "key is of invalid type"}
2024-08-29T10:14:44.653+0800	[34mINFO[0m	article/router.go:71	[sugar] query 9 records
2024-08-29T10:14:49.052+0800	[31mERROR[0m	gin@v1.10.0/context.go:185	parse token	{"error": "key is of invalid type"}
**2024-08-08 10:58**
2024-08-29T10:19:17.210+0800	[31mERROR[0m	gin@v1.10.0/context.go:185	get article by id	{"error": "Error 1064 (42000): You have an error in your SQL syntax; check the manual that corresponds to your MySQL server version for the right syntax to use near 'add AND `articles`.`deleted_at` IS NULL ORDER BY `articles`.`id` LIMIT ?' at line 1"}
2024-08-29T10:20:14.490+0800	[31mERROR[0m	gin@v1.10.0/context.go:185	get article by id	{"error": "Error 1064 (42000): You have an error in your SQL syntax; check the manual that corresponds to your MySQL server version for the right syntax to use near '{ .article.ID }} AND `articles`.`deleted_at` IS NULL ORDER BY `articles`.`id` LI' at line 1"}
2024-08-29T10:23:04.803+0800	[34mINFO[0m	article/router.go:71	[sugar] query 8 records
2024-08-29T10:23:06.362+0800	[31mERROR[0m	gin@v1.10.0/context.go:185	get article by id	{"error": "record not found"}
2024-08-29T10:23:19.057+0800	[34mINFO[0m	article/router.go:71	[sugar] query 8 records
2024-08-29T10:23:23.593+0800	[34mINFO[0m	article/router.go:71	[sugar] query 7 records
2024-08-29T10:24:13.764+0800	[34mINFO[0m	article/router.go:71	[sugar] query 7 records
2024-08-29T10:25:50.910+0800	[34mINFO[0m	article/router.go:71	[sugar] query 7 records
2024-08-29T10:26:00.811+0800	[34mINFO[0m	gin@v1.10.0/context.go:185	Captcah generate success	{"id": "gYjDBHoSD4F6hQxTc3MF"}
2024-08-29T10:26:04.036+0800	[34mINFO[0m	gin@v1.10.0/context.go:185	Captcah generate success	{"id": "jSYv091UbQ3MOQzu6gs4"}
2024-08-29T10:26:09.996+0800	[34mINFO[0m	article/router.go:71	[sugar] query 7 records
2024-08-29T10:26:13.339+0800	[34mINFO[0m	gin@v1.10.0/context.go:185	ID:28 没有下一篇了
2024-08-29T10:26:19.355+0800	[34mINFO[0m	gin@v1.10.0/context.go:185	ID:28 没有下一篇了
2024-08-29T10:26:27.375+0800	[34mINFO[0m	article/router.go:71	[sugar] query 7 records
2024-08-29T10:32:13.613+0800	[31mERROR[0m	gin@v1.10.0/context.go:185	get article by id	{"error": "Error 1064 (42000): You have an error in your SQL syntax; check the manual that corresponds to your MySQL server version for the right syntax to use near 'add AND `articles`.`deleted_at` IS NULL ORDER BY `articles`.`id` LIMIT ?' at line 1"}
2024-08-29T10:32:59.020+0800	[34mINFO[0m	gin@v1.10.0/context.go:185	empty token
2024-08-29T10:33:09.285+0800	[34mINFO[0m	gin@v1.10.0/context.go:185	Captcah generate success	{"id": "yAUghXdYvXjMTvMuT6Da"}
2024-08-29T10:33:26.638+0800	[34mINFO[0m	article/router.go:71	[sugar] query 7 records
2024-08-29T10:34:40.294+0800	[34mINFO[0m	gin@v1.10.0/context.go:185	ID:29 没有下一篇了
2024-08-29T10:35:20.025+0800	[34mINFO[0m	article/router.go:71	[sugar] query 8 records
2024-08-29T10:35:23.614+0800	[34mINFO[0m	gin@v1.10.0/context.go:185	ID:29 没有下一篇了
**2024-08-08 10:58**
2024-08-29T10:42:37.969+0800	[34mINFO[0m	gin@v1.10.0/context.go:185	ID:30 没有下一篇了
2024-08-29T10:42:47.390+0800	[34mINFO[0m	article/router.go:74	[sugar] query 9 records
2024-08-29T10:43:43.125+0800	[34mINFO[0m	article/router.go:74	[sugar] query 8 records
2024-08-29T10:43:55.620+0800	[34mINFO[0m	gin@v1.10.0/context.go:185	ID:30 没有下一篇了
2024-08-29T10:44:16.004+0800	[34mINFO[0m	gin@v1.10.0/context.go:185	empty token
2024-08-29T10:44:25.446+0800	[34mINFO[0m	gin@v1.10.0/context.go:185	Captcah generate success	{"id": "6EOMfu6G8AoOYfgsxRZ1"}
2024-08-29T10:44:38.403+0800	[34mINFO[0m	article/router.go:74	[sugar] query 8 records
2024-08-29T10:45:38.933+0800	[34mINFO[0m	gin@v1.10.0/context.go:185	ID:31 没有下一篇了
2024-08-29T10:45:43.571+0800	[34mINFO[0m	article/router.go:74	[sugar] query 9 records
2024-08-29T10:45:45.252+0800	[34mINFO[0m	gin@v1.10.0/context.go:185	ID:31 没有下一篇了
2024-08-29T10:46:18.400+0800	[31mERROR[0m	gin@v1.10.0/context.go:185	get article by id	{"error": "record not found"}
2024-08-29T10:46:27.016+0800	[31mERROR[0m	gin@v1.10.0/context.go:185	get article by id	{"error": "record not found"}
2024-08-29T10:46:34.186+0800	[34mINFO[0m	article/router.go:74	[sugar] query 8 records
2024-08-29T10:46:35.386+0800	[34mINFO[0m	gin@v1.10.0/context.go:185	ID:30 没有下一篇了
2024-08-29T10:46:42.981+0800	[34mINFO[0m	article/router.go:74	[sugar] query 7 records
2024-08-29T10:48:23.399+0800	[34mINFO[0m	gin@v1.10.0/context.go:185	ID:32 没有下一篇了
2024-08-29T10:52:12.905+0800	[34mINFO[0m	article/router.go:74	[sugar] query 8 records
2024-08-29T16:29:34.309+0800	[34mINFO[0m	article/router.go:74	[sugar] query 8 records
2024-08-29T16:29:35.710+0800	[34mINFO[0m	gin@v1.10.0/context.go:185	ID:32 没有下一篇了
2024-08-29T16:29:53.670+0800	[34mINFO[0m	article/router.go:74	[sugar] query 8 records
2024-08-29T16:44:58.118+0800	[34mINFO[0m	gin@v1.10.0/context.go:185	ID:32 没有下一篇了
2024-08-29T16:46:19.202+0800	[34mINFO[0m	gin@v1.10.0/context.go:185	ID:13 没有上一篇了
**2024-08-08 17:07**
2024-08-29T17:06:16.104+0800	[34mINFO[0m	article/router.go:80	[sugar] query 8 records
2024-08-29T17:06:17.360+0800	[34mINFO[0m	gin@v1.10.0/context.go:185	ID:13 没有上一篇了
2024-08-29T17:06:23.166+0800	[34mINFO[0m	article/router.go:80	[sugar] query 8 records
2024-08-29T17:06:29.509+0800	[31mERROR[0m	gin@v1.10.0/context.go:185	权限不足
2024-08-29T17:06:45.178+0800	[31mERROR[0m	gin@v1.10.0/context.go:185	权限不足
2024-08-29T17:06:57.032+0800	[34mINFO[0m	gin@v1.10.0/context.go:185	Captcah generate success	{"id": "MS3x4uFxtGjonJ0knRNm"}
2024-08-29T17:07:08.290+0800	[34mINFO[0m	article/router.go:80	[sugar] query 8 records
2024-08-29T17:07:27.578+0800	[34mINFO[0m	gin@v1.10.0/context.go:185	ID:32 没有下一篇了
2024-08-29T17:10:54.318+0800	[34mINFO[0m	gin@v1.10.0/context.go:185	ID:33 没有下一篇了
2024-08-29T17:11:20.762+0800	[34mINFO[0m	article/router.go:80	[sugar] query 9 records
2024-08-29T17:12:44.226+0800	[34mINFO[0m	article/router.go:80	[sugar] query 9 records
2024-08-29T17:13:02.682+0800	[34mINFO[0m	article/router.go:80	[sugar] query 9 records
2024-08-29T17:14:37.640+0800	[34mINFO[0m	article/router.go:80	[sugar] query 9 records
**2024-08-08 08:27**
2024-08-30T08:39:45.788+0800	[34mINFO[0m	article/router.go:80	[sugar] query 9 records
2024-08-30T10:24:50.571+0800	[34mINFO[0m	gin@v1.10.0/context.go:185	ID:33 没有下一篇了
2024-08-30T10:25:47.148+0800	[34mINFO[0m	gin@v1.10.0/context.go:185	ID:33 没有下一篇了
2024-08-30T10:49:39.151+0800	[34mINFO[0m	article/router.go:80	[sugar] query 8 records
2024-08-30T10:49:49.847+0800	[34mINFO[0m	gin@v1.10.0/context.go:185	ID:13 没有上一篇了
2024-08-30T10:52:11.562+0800	[34mINFO[0m	gin@v1.10.0/context.go:185	ID:33 没有下一篇了
2024-08-30T11:29:53.289+0800	[34mINFO[0m	gin@v1.10.0/context.go:185	ID:13 没有上一篇了
2024-08-30T11:31:36.416+0800	[31mERROR[0m	gin@v1.10.0/context.go:185	get article by id	{"error": "Error 1064 (42000): You have an error in your SQL syntax; check the manual that corresponds to your MySQL server version for the right syntax to use near '{ .article.ID }} AND `articles`.`deleted_at` IS NULL ORDER BY `articles`.`id` LI' at line 1"}
2024-08-30T11:32:27.536+0800	[31mERROR[0m	gin@v1.10.0/context.go:185	get article by id	{"error": "Error 1064 (42000): You have an error in your SQL syntax; check the manual that corresponds to your MySQL server version for the right syntax to use near '{ .article.ID }} AND `articles`.`deleted_at` IS NULL ORDER BY `articles`.`id` LI' at line 1"}
2024-08-30T11:32:44.563+0800	[31mERROR[0m	gin@v1.10.0/context.go:185	get article by id	{"error": "Error 1064 (42000): You have an error in your SQL syntax; check the manual that corresponds to your MySQL server version for the right syntax to use near '{ .article.ID }} AND `articles`.`deleted_at` IS NULL ORDER BY `articles`.`id` LI' at line 1"}
2024-08-30T11:33:46.163+0800	[31mERROR[0m	gin@v1.10.0/context.go:185	get article by id	{"error": "Error 1064 (42000): You have an error in your SQL syntax; check the manual that corresponds to your MySQL server version for the right syntax to use near '{ .article.ID }} AND `articles`.`deleted_at` IS NULL ORDER BY `articles`.`id` LI' at line 1"}
**2024-08-08 11:07**
2024-08-30T11:37:20.763+0800	[31mERROR[0m	gin@v1.10.0/context.go:185	get article by id	{"error": "Error 1064 (42000): You have an error in your SQL syntax; check the manual that corresponds to your MySQL server version for the right syntax to use near '{ .article.ID }} AND `articles`.`deleted_at` IS NULL ORDER BY `articles`.`id` LI' at line 1"}
**2024-08-08 11:18**
2024-08-30T11:42:18.240+0800	[34mINFO[0m	article/router.go:80	[sugar] query 13 records
2024-08-30T11:42:36.287+0800	[34mINFO[0m	article/router.go:80	[sugar] query 12 records
2024-08-30T11:42:52.688+0800	[34mINFO[0m	gin@v1.10.0/context.go:185	recordNotFound	{"error": "Error 1054 (42S22): Unknown column 'undefined' in 'where clause'"}
2024-08-30T11:43:44.969+0800	[34mINFO[0m	article/router.go:80	[sugar] query 12 records
2024-08-30T11:44:49.559+0800	[34mINFO[0m	gin@v1.10.0/context.go:185	ID:38 没有下一篇了
2024-08-30T11:44:57.881+0800	[34mINFO[0m	gin@v1.10.0/context.go:185	ID:38 没有下一篇了
2024-08-30T11:45:16.510+0800	[34mINFO[0m	article/router.go:80	[sugar] query 12 records
2024-08-30T11:45:33.202+0800	[34mINFO[0m	article/router.go:80	[sugar] query 12 records
2024-08-30T11:45:48.374+0800	[34mINFO[0m	article/router.go:80	[sugar] query 11 records
2024-08-30T11:49:55.087+0800	[34mINFO[0m	article/router.go:80	[sugar] query 11 records
2024-08-30T11:57:16.771+0800	[34mINFO[0m	article/router.go:80	[sugar] query 11 records
